  Bank Project Coures 11.cpp
C:\Users\DELL\Desktop\Bank Project Coures 11\Bank Project Coures 11\Bank Project Coures 11.cpp(2,10): warning C4067: unexpected tokens following preprocessor directive - expected a newline
C:\Users\DELL\Desktop\Bank Project Coures 11\Bank Project Coures 11\clsMainScreen.h(2,10): warning C4067: unexpected tokens following preprocessor directive - expected a newline
  (compiling source file 'Bank%20Project%20Coures%2011.cpp')
  
C:\Users\DELL\Desktop\Bank Project Coures 11\Bank Project Coures 11\clsMainScreen.h(4,10): warning C4067: unexpected tokens following preprocessor directive - expected a newline
  (compiling source file 'Bank%20Project%20Coures%2011.cpp')
  
C:\Users\DELL\Desktop\Bank Project Coures 11\Bank Project Coures 11\clsInputValidate.h(2,10): warning C4067: unexpected tokens following preprocessor directive - expected a newline
  (compiling source file 'Bank%20Project%20Coures%2011.cpp')
  
C:\Users\DELL\Desktop\Bank Project Coures 11\Bank Project Coures 11\clsDate.h(6,9): warning C4067: unexpected tokens following preprocessor directive - expected a newline
  (compiling source file 'Bank%20Project%20Coures%2011.cpp')
  
C:\Users\DELL\Desktop\Bank Project Coures 11\Bank Project Coures 11\clsString.h(43,25): warning C4267: 'return': conversion from 'size_t' to 'short', possible loss of data
  (compiling source file 'Bank%20Project%20Coures%2011.cpp')
  
C:\Users\DELL\Desktop\Bank Project Coures 11\Bank Project Coures 11\clsString.h(48,29): warning C4267: 'return': conversion from 'size_t' to 'short', possible loss of data
  (compiling source file 'Bank%20Project%20Coures%2011.cpp')
  
C:\Users\DELL\Desktop\Bank Project Coures 11\Bank Project Coures 11\clsString.h(60,30): warning C4267: '=': conversion from 'size_t' to 'short', possible loss of data
  (compiling source file 'Bank%20Project%20Coures%2011.cpp')
  
C:\Users\DELL\Desktop\Bank Project Coures 11\Bank Project Coures 11\clsString.h(197,29): warning C4267: 'return': conversion from 'size_t' to 'short', possible loss of data
  (compiling source file 'Bank%20Project%20Coures%2011.cpp')
  
C:\Users\DELL\Desktop\Bank Project Coures 11\Bank Project Coures 11\clsString.h(328,30): warning C4267: '=': conversion from 'size_t' to 'short', possible loss of data
  (compiling source file 'Bank%20Project%20Coures%2011.cpp')
  
C:\Users\DELL\Desktop\Bank Project Coures 11\Bank Project Coures 11\clsString.h(376,22): warning C4267: 'initializing': conversion from 'size_t' to 'short', possible loss of data
  (compiling source file 'Bank%20Project%20Coures%2011.cpp')
  
C:\Users\DELL\Desktop\Bank Project Coures 11\Bank Project Coures 11\clsMainScreen.h(5,10): warning C4067: unexpected tokens following preprocessor directive - expected a newline
  (compiling source file 'Bank%20Project%20Coures%2011.cpp')
  
C:\Users\DELL\Desktop\Bank Project Coures 11\Bank Project Coures 11\clsClientListScreen.h(3,10): warning C4067: unexpected tokens following preprocessor directive - expected a newline
  (compiling source file 'Bank%20Project%20Coures%2011.cpp')
  
C:\Users\DELL\Desktop\Bank Project Coures 11\Bank Project Coures 11\clsClientListScreen.h(4,10): warning C4067: unexpected tokens following preprocessor directive - expected a newline
  (compiling source file 'Bank%20Project%20Coures%2011.cpp')
  
C:\Users\DELL\Desktop\Bank Project Coures 11\Bank Project Coures 11\clsBankClient.h(2,10): warning C4067: unexpected tokens following preprocessor directive - expected a newline
  (compiling source file 'Bank%20Project%20Coures%2011.cpp')
  
C:\Users\DELL\Desktop\Bank Project Coures 11\Bank Project Coures 11\clsBankClient.h(6,10): warning C4067: unexpected tokens following preprocessor directive - expected a newline
  (compiling source file 'Bank%20Project%20Coures%2011.cpp')
  
C:\Users\DELL\Desktop\Bank Project Coures 11\Bank Project Coures 11\clsMainScreen.h(6,10): warning C4067: unexpected tokens following preprocessor directive - expected a newline
  (compiling source file 'Bank%20Project%20Coures%2011.cpp')
  
C:\Users\DELL\Desktop\Bank Project Coures 11\Bank Project Coures 11\clsAddNewClientScreen.h(2,10): warning C4067: unexpected tokens following preprocessor directive - expected a newline
  (compiling source file 'Bank%20Project%20Coures%2011.cpp')
  
C:\Users\DELL\Desktop\Bank Project Coures 11\Bank Project Coures 11\clsAddNewClientScreen.h(3,10): warning C4067: unexpected tokens following preprocessor directive - expected a newline
  (compiling source file 'Bank%20Project%20Coures%2011.cpp')
  
C:\Users\DELL\Desktop\Bank Project Coures 11\Bank Project Coures 11\clsAddNewClientScreen.h(4,10): warning C4067: unexpected tokens following preprocessor directive - expected a newline
  (compiling source file 'Bank%20Project%20Coures%2011.cpp')
  
C:\Users\DELL\Desktop\Bank Project Coures 11\Bank Project Coures 11\clsMainScreen.h(7,10): warning C4067: unexpected tokens following preprocessor directive - expected a newline
  (compiling source file 'Bank%20Project%20Coures%2011.cpp')
  
C:\Users\DELL\Desktop\Bank Project Coures 11\Bank Project Coures 11\clsDeleteClientScreen.h(2,10): warning C4067: unexpected tokens following preprocessor directive - expected a newline
  (compiling source file 'Bank%20Project%20Coures%2011.cpp')
  
C:\Users\DELL\Desktop\Bank Project Coures 11\Bank Project Coures 11\clsDeleteClientScreen.h(3,10): warning C4067: unexpected tokens following preprocessor directive - expected a newline
  (compiling source file 'Bank%20Project%20Coures%2011.cpp')
  
C:\Users\DELL\Desktop\Bank Project Coures 11\Bank Project Coures 11\clsMainScreen.h(8,10): warning C4067: unexpected tokens following preprocessor directive - expected a newline
  (compiling source file 'Bank%20Project%20Coures%2011.cpp')
  
C:\Users\DELL\Desktop\Bank Project Coures 11\Bank Project Coures 11\clsUpdateClientScreen.h(2,10): warning C4067: unexpected tokens following preprocessor directive - expected a newline
  (compiling source file 'Bank%20Project%20Coures%2011.cpp')
  
C:\Users\DELL\Desktop\Bank Project Coures 11\Bank Project Coures 11\clsUpdateClientScreen.h(3,10): warning C4067: unexpected tokens following preprocessor directive - expected a newline
  (compiling source file 'Bank%20Project%20Coures%2011.cpp')
  
C:\Users\DELL\Desktop\Bank Project Coures 11\Bank Project Coures 11\clsUpdateClientScreen.h(4,10): warning C4067: unexpected tokens following preprocessor directive - expected a newline
  (compiling source file 'Bank%20Project%20Coures%2011.cpp')
  
C:\Users\DELL\Desktop\Bank Project Coures 11\Bank Project Coures 11\clsMainScreen.h(9,10): warning C4067: unexpected tokens following preprocessor directive - expected a newline
  (compiling source file 'Bank%20Project%20Coures%2011.cpp')
  
C:\Users\DELL\Desktop\Bank Project Coures 11\Bank Project Coures 11\clsFindClientScreen.h(2,10): warning C4067: unexpected tokens following preprocessor directive - expected a newline
  (compiling source file 'Bank%20Project%20Coures%2011.cpp')
  
C:\Users\DELL\Desktop\Bank Project Coures 11\Bank Project Coures 11\clsFindClientScreen.h(3,10): warning C4067: unexpected tokens following preprocessor directive - expected a newline
  (compiling source file 'Bank%20Project%20Coures%2011.cpp')
  
C:\Users\DELL\Desktop\Bank Project Coures 11\Bank Project Coures 11\clsMainScreen.h(10,10): warning C4067: unexpected tokens following preprocessor directive - expected a newline
  (compiling source file 'Bank%20Project%20Coures%2011.cpp')
  
C:\Users\DELL\Desktop\Bank Project Coures 11\Bank Project Coures 11\clsTransactionScreen.h(2,10): warning C4067: unexpected tokens following preprocessor directive - expected a newline
  (compiling source file 'Bank%20Project%20Coures%2011.cpp')
  
C:\Users\DELL\Desktop\Bank Project Coures 11\Bank Project Coures 11\clsTransactionScreen.h(4,10): warning C4067: unexpected tokens following preprocessor directive - expected a newline
  (compiling source file 'Bank%20Project%20Coures%2011.cpp')
  
C:\Users\DELL\Desktop\Bank Project Coures 11\Bank Project Coures 11\clsTransactionScreen.h(5,10): warning C4067: unexpected tokens following preprocessor directive - expected a newline
  (compiling source file 'Bank%20Project%20Coures%2011.cpp')
  
C:\Users\DELL\Desktop\Bank Project Coures 11\Bank Project Coures 11\clsDepositScreen.h(2,10): warning C4067: unexpected tokens following preprocessor directive - expected a newline
  (compiling source file 'Bank%20Project%20Coures%2011.cpp')
  
C:\Users\DELL\Desktop\Bank Project Coures 11\Bank Project Coures 11\clsDepositScreen.h(3,10): warning C4067: unexpected tokens following preprocessor directive - expected a newline
  (compiling source file 'Bank%20Project%20Coures%2011.cpp')
  
C:\Users\DELL\Desktop\Bank Project Coures 11\Bank Project Coures 11\clsTransactionScreen.h(6,10): warning C4067: unexpected tokens following preprocessor directive - expected a newline
  (compiling source file 'Bank%20Project%20Coures%2011.cpp')
  
C:\Users\DELL\Desktop\Bank Project Coures 11\Bank Project Coures 11\clsWithdrawScreen.h(2,10): warning C4067: unexpected tokens following preprocessor directive - expected a newline
  (compiling source file 'Bank%20Project%20Coures%2011.cpp')
  
C:\Users\DELL\Desktop\Bank Project Coures 11\Bank Project Coures 11\clsTransactionScreen.h(7,10): warning C4067: unexpected tokens following preprocessor directive - expected a newline
  (compiling source file 'Bank%20Project%20Coures%2011.cpp')
  
C:\Users\DELL\Desktop\Bank Project Coures 11\Bank Project Coures 11\clsTotalBalancesScreen.h(2,10): warning C4067: unexpected tokens following preprocessor directive - expected a newline
  (compiling source file 'Bank%20Project%20Coures%2011.cpp')
  
C:\Users\DELL\Desktop\Bank Project Coures 11\Bank Project Coures 11\clsTotalBalancesScreen.h(3,10): warning C4067: unexpected tokens following preprocessor directive - expected a newline
  (compiling source file 'Bank%20Project%20Coures%2011.cpp')
  
C:\Users\DELL\Desktop\Bank Project Coures 11\Bank Project Coures 11\clsTotalBalancesScreen.h(5,10): warning C4067: unexpected tokens following preprocessor directive - expected a newline
  (compiling source file 'Bank%20Project%20Coures%2011.cpp')
  
C:\Users\DELL\Desktop\Bank Project Coures 11\Bank Project Coures 11\clsUtitl.h(4,10): warning C4067: unexpected tokens following preprocessor directive - expected a newline
  (compiling source file 'Bank%20Project%20Coures%2011.cpp')
  
C:\Users\DELL\Desktop\Bank Project Coures 11\Bank Project Coures 11\clsTotalBalancesScreen.h(43,68): warning C4244: 'argument': conversion from 'double' to 'int', possible loss of data
  (compiling source file 'Bank%20Project%20Coures%2011.cpp')
  
C:\Users\DELL\Desktop\Bank Project Coures 11\Bank Project Coures 11\clsMainScreen.h(11,10): warning C4067: unexpected tokens following preprocessor directive - expected a newline
  (compiling source file 'Bank%20Project%20Coures%2011.cpp')
  
C:\Users\DELL\Desktop\Bank Project Coures 11\Bank Project Coures 11\clsMangeUsersScreen.h(2,10): warning C4067: unexpected tokens following preprocessor directive - expected a newline
  (compiling source file 'Bank%20Project%20Coures%2011.cpp')
  
C:\Users\DELL\Desktop\Bank Project Coures 11\Bank Project Coures 11\clsMangeUsersScreen.h(3,10): warning C4067: unexpected tokens following preprocessor directive - expected a newline
  (compiling source file 'Bank%20Project%20Coures%2011.cpp')
  
C:\Users\DELL\Desktop\Bank Project Coures 11\Bank Project Coures 11\clsMangeUsersScreen.h(4,10): warning C4067: unexpected tokens following preprocessor directive - expected a newline
  (compiling source file 'Bank%20Project%20Coures%2011.cpp')
  
C:\Users\DELL\Desktop\Bank Project Coures 11\Bank Project Coures 11\clsListUsersScreen.h(2,10): warning C4067: unexpected tokens following preprocessor directive - expected a newline
  (compiling source file 'Bank%20Project%20Coures%2011.cpp')
  
C:\Users\DELL\Desktop\Bank Project Coures 11\Bank Project Coures 11\clsListUsersScreen.h(3,10): warning C4067: unexpected tokens following preprocessor directive - expected a newline
  (compiling source file 'Bank%20Project%20Coures%2011.cpp')
  
C:\Users\DELL\Desktop\Bank Project Coures 11\Bank Project Coures 11\clsUser.h(2,9): warning C4067: unexpected tokens following preprocessor directive - expected a newline
  (compiling source file 'Bank%20Project%20Coures%2011.cpp')
  
C:\Users\DELL\Desktop\Bank Project Coures 11\Bank Project Coures 11\clsUser.h(3,9): warning C4067: unexpected tokens following preprocessor directive - expected a newline
  (compiling source file 'Bank%20Project%20Coures%2011.cpp')
  
C:\Users\DELL\Desktop\Bank Project Coures 11\Bank Project Coures 11\clsMangeUsersScreen.h(5,10): warning C4067: unexpected tokens following preprocessor directive - expected a newline
  (compiling source file 'Bank%20Project%20Coures%2011.cpp')
  
C:\Users\DELL\Desktop\Bank Project Coures 11\Bank Project Coures 11\clsAddNewUserScreen.h(2,10): warning C4067: unexpected tokens following preprocessor directive - expected a newline
  (compiling source file 'Bank%20Project%20Coures%2011.cpp')
  
C:\Users\DELL\Desktop\Bank Project Coures 11\Bank Project Coures 11\clsAddNewUserScreen.h(3,10): warning C4067: unexpected tokens following preprocessor directive - expected a newline
  (compiling source file 'Bank%20Project%20Coures%2011.cpp')
  
C:\Users\DELL\Desktop\Bank Project Coures 11\Bank Project Coures 11\clsAddNewUserScreen.h(4,10): warning C4067: unexpected tokens following preprocessor directive - expected a newline
  (compiling source file 'Bank%20Project%20Coures%2011.cpp')
  
C:\Users\DELL\Desktop\Bank Project Coures 11\Bank Project Coures 11\clsMangeUsersScreen.h(6,10): warning C4067: unexpected tokens following preprocessor directive - expected a newline
  (compiling source file 'Bank%20Project%20Coures%2011.cpp')
  
C:\Users\DELL\Desktop\Bank Project Coures 11\Bank Project Coures 11\clsDeleteUserScreen.h(2,10): warning C4067: unexpected tokens following preprocessor directive - expected a newline
  (compiling source file 'Bank%20Project%20Coures%2011.cpp')
  
C:\Users\DELL\Desktop\Bank Project Coures 11\Bank Project Coures 11\clsDeleteUserScreen.h(3,10): warning C4067: unexpected tokens following preprocessor directive - expected a newline
  (compiling source file 'Bank%20Project%20Coures%2011.cpp')
  
C:\Users\DELL\Desktop\Bank Project Coures 11\Bank Project Coures 11\clsDeleteUserScreen.h(4,10): warning C4067: unexpected tokens following preprocessor directive - expected a newline
  (compiling source file 'Bank%20Project%20Coures%2011.cpp')
  
C:\Users\DELL\Desktop\Bank Project Coures 11\Bank Project Coures 11\clsMangeUsersScreen.h(7,10): warning C4067: unexpected tokens following preprocessor directive - expected a newline
  (compiling source file 'Bank%20Project%20Coures%2011.cpp')
  
C:\Users\DELL\Desktop\Bank Project Coures 11\Bank Project Coures 11\clsUpdateUserScreen.h(2,10): warning C4067: unexpected tokens following preprocessor directive - expected a newline
  (compiling source file 'Bank%20Project%20Coures%2011.cpp')
  
C:\Users\DELL\Desktop\Bank Project Coures 11\Bank Project Coures 11\clsUpdateUserScreen.h(3,10): warning C4067: unexpected tokens following preprocessor directive - expected a newline
  (compiling source file 'Bank%20Project%20Coures%2011.cpp')
  
C:\Users\DELL\Desktop\Bank Project Coures 11\Bank Project Coures 11\clsUpdateUserScreen.h(4,10): warning C4067: unexpected tokens following preprocessor directive - expected a newline
  (compiling source file 'Bank%20Project%20Coures%2011.cpp')
  
C:\Users\DELL\Desktop\Bank Project Coures 11\Bank Project Coures 11\clsMangeUsersScreen.h(8,10): warning C4067: unexpected tokens following preprocessor directive - expected a newline
  (compiling source file 'Bank%20Project%20Coures%2011.cpp')
  
C:\Users\DELL\Desktop\Bank Project Coures 11\Bank Project Coures 11\clsFindUserScreen.h(2,10): warning C4067: unexpected tokens following preprocessor directive - expected a newline
  (compiling source file 'Bank%20Project%20Coures%2011.cpp')
  
C:\Users\DELL\Desktop\Bank Project Coures 11\Bank Project Coures 11\clsFindUserScreen.h(3,10): warning C4067: unexpected tokens following preprocessor directive - expected a newline
  (compiling source file 'Bank%20Project%20Coures%2011.cpp')
  
C:\Users\DELL\Desktop\Bank Project Coures 11\Bank Project Coures 11\clsFindUserScreen.h(4,9): warning C4067: unexpected tokens following preprocessor directive - expected a newline
  (compiling source file 'Bank%20Project%20Coures%2011.cpp')
  
C:\Users\DELL\Desktop\Bank Project Coures 11\Bank Project Coures 11\clsMainScreen.h(12,10): warning C4067: unexpected tokens following preprocessor directive - expected a newline
  (compiling source file 'Bank%20Project%20Coures%2011.cpp')
  
C:\Users\DELL\Desktop\Bank Project Coures 11\Bank Project Coures 11\Global.h(2,10): warning C4067: unexpected tokens following preprocessor directive - expected a newline
  (compiling source file 'Bank%20Project%20Coures%2011.cpp')
  
C:\Users\DELL\Desktop\Bank Project Coures 11\Bank Project Coures 11\Bank Project Coures 11.cpp(3,10): warning C4067: unexpected tokens following preprocessor directive - expected a newline
C:\Users\DELL\Desktop\Bank Project Coures 11\Bank Project Coures 11\clsLoginScreen.h(2,10): warning C4067: unexpected tokens following preprocessor directive - expected a newline
  (compiling source file 'Bank%20Project%20Coures%2011.cpp')
  
C:\Users\DELL\Desktop\Bank Project Coures 11\Bank Project Coures 11\clsLoginScreen.h(3,10): warning C4067: unexpected tokens following preprocessor directive - expected a newline
  (compiling source file 'Bank%20Project%20Coures%2011.cpp')
  
C:\Users\DELL\Desktop\Bank Project Coures 11\Bank Project Coures 11\clsLoginScreen.h(4,10): warning C4067: unexpected tokens following preprocessor directive - expected a newline
  (compiling source file 'Bank%20Project%20Coures%2011.cpp')
  
C:\Users\DELL\Desktop\Bank Project Coures 11\Bank Project Coures 11\clsBankClient.h(198,1): warning C4715: 'clsBankClient::Save': not all control paths return a value
C:\Users\DELL\Desktop\Bank Project Coures 11\Bank Project Coures 11\clsBankClient.h(239,1): warning C4715: 'clsBankClient::Withdraw': not all control paths return a value
C:\Users\DELL\Desktop\Bank Project Coures 11\Bank Project Coures 11\clsUser.h(192,1): warning C4715: 'clsUser::Save': not all control paths return a value
  Bank Project Coures 11.vcxproj -> C:\Users\DELL\Desktop\Bank Project Coures 11\x64\Debug\Bank Project Coures 11.exe
